[2026-03-05 21:03:46] Dia ainda aberto após venda | data=2026-03-05
[2026-03-09 02:22:58] Dia ainda aberto após venda | data=2026-03-08
[2026-03-09 02:43:32] Dia ainda aberto após venda | data=2026-03-08
[2026-03-09 02:43:49] Dia ainda aberto após venda | data=2026-03-08
[2026-03-09 02:44:32] Dia ainda aberto após venda | data=2026-03-08
[2026-03-09 02:48:49] Dia ainda aberto após venda | data=2026-03-08
[2026-03-09 03:06:33] Dia ainda aberto após venda | data=2026-03-08
[2026-03-09 03:45:34] Dia ainda aberto após venda | data=2026-03-08
[2026-03-09 03:46:27] Dia ainda aberto após venda | data=2026-03-08
[2026-03-12 18:29:12] Dia ainda aberto após venda | data=2026-03-12
[2026-03-20 15:55:16] Dia ainda aberto após venda | data=2026-03-20
[2026-03-20 15:55:42] Dia fechado após venda | data=2026-03-20 | total=5 | limite=5
[2026-03-20 15:55:42] Iniciando gerarRelatorioDia | data=2026-03-20
[2026-03-20 15:55:42] Procedure sp_gerar_relatorio_dia executada | data=2026-03-20
[2026-03-20 15:55:42] OK gerarRelatorioDia | data=2026-03-20 | coluna=data | total_encontrado=1
[2026-03-21 22:41:24] Dia ainda aberto após venda | data=2026-03-21
[2026-03-21 22:42:06] Dia fechado após venda | data=2026-03-21 | total=5 | limite=5
[2026-03-21 22:42:06] Iniciando gerarRelatorioDia | data=2026-03-21
[2026-03-21 22:42:06] Procedure sp_gerar_relatorio_dia executada | data=2026-03-21
[2026-03-21 22:42:06] OK gerarRelatorioDia | data=2026-03-21 | coluna=data | total_encontrado=1
[2026-03-23 13:13:51] Dia ainda aberto após venda | data=2026-03-23
[2026-03-23 13:13:55] Dia ainda aberto após venda | data=2026-03-23
[2026-03-23 13:13:57] Dia ainda aberto após venda | data=2026-03-23
[2026-03-23 13:14:02] Dia ainda aberto após venda | data=2026-03-23
[2026-03-23 13:14:12] Dia fechado após venda | data=2026-03-23 | total=5 | limite=5
[2026-03-23 13:14:12] Iniciando gerarRelatorioDia | data=2026-03-23
[2026-03-23 13:14:12] Procedure sp_gerar_relatorio_dia executada | data=2026-03-23
[2026-03-23 13:14:12] OK gerarRelatorioDia | data=2026-03-23 | coluna=data | total_encontrado=1
[2026-03-23 16:30:48] Dia ainda aberto após venda | data=2026-03-23
[2026-03-23 16:30:51] Dia ainda aberto após venda | data=2026-03-23
[2026-03-23 16:31:02] Dia ainda aberto após venda | data=2026-03-23
[2026-03-23 16:31:12] Dia ainda aberto após venda | data=2026-03-23
[2026-03-23 16:31:23] Dia fechado após venda | data=2026-03-23 | total=5 | limite=5
[2026-03-23 16:31:23] Iniciando gerarRelatorioDia | data=2026-03-23
[2026-03-23 16:31:23] Procedure sp_gerar_relatorio_dia executada | data=2026-03-23
[2026-03-23 16:31:23] OK gerarRelatorioDia | data=2026-03-23 | coluna=data | total_encontrado=1
[2026-03-23 16:37:16] Dia ainda aberto após venda | data=2026-03-23
[2026-03-23 16:37:20] Dia ainda aberto após venda | data=2026-03-23
[2026-03-23 16:37:27] Dia ainda aberto após venda | data=2026-03-23
[2026-03-23 16:37:32] Dia ainda aberto após venda | data=2026-03-23
[2026-03-23 16:37:36] Dia fechado após venda | data=2026-03-23 | total=5 | limite=5
[2026-03-23 16:37:36] Iniciando gerarRelatorioDia | data=2026-03-23
[2026-03-23 16:37:36] Procedure sp_gerar_relatorio_dia executada | data=2026-03-23
[2026-03-23 16:37:36] OK gerarRelatorioDia | data=2026-03-23 | coluna=data | total_encontrado=1
[2026-03-23 17:58:35] Dia fechado após venda | data=2026-03-23 | total=5 | limite=5
[2026-03-23 17:58:35] Iniciando gerarRelatorioDia | data=2026-03-23
[2026-03-23 17:58:35] Procedure sp_gerar_relatorio_dia executada | data=2026-03-23
[2026-03-23 17:58:35] OK gerarRelatorioDia | data=2026-03-23 | coluna=data | total_encontrado=1
[2026-03-23 18:14:27] Dia fechado após venda | data=2026-03-23 | total=5 | limite=5
[2026-03-23 18:14:27] Iniciando gerarRelatorioDia | data=2026-03-23
[2026-03-23 18:14:27] Procedure sp_gerar_relatorio_dia executada | data=2026-03-23
[2026-03-23 18:14:27] OK gerarRelatorioDia | data=2026-03-23 | coluna=data | total_encontrado=1
[2026-03-23 18:25:05] Dia fechado após venda | data=2026-03-23 | total=5 | limite=5
[2026-03-23 18:25:05] Iniciando gerarRelatorioDia | data=2026-03-23
[2026-03-23 18:25:05] Procedure sp_gerar_relatorio_dia executada | data=2026-03-23
[2026-03-23 18:25:05] OK gerarRelatorioDia | data=2026-03-23 | coluna=data | total_encontrado=1
[2026-03-23 18:41:39] Dia fechado após venda | data=2026-03-23 | total=5 | limite=5
[2026-03-23 18:41:39] Iniciando gerarRelatorioDia | data=2026-03-23
[2026-03-23 18:41:39] Procedure sp_gerar_relatorio_dia executada | data=2026-03-23
[2026-03-23 18:41:39] OK gerarRelatorioDia | data=2026-03-23 | coluna=data | total_encontrado=1
[2026-03-23 18:48:05] Dia fechado após venda | data=2026-03-23 | total=5 | limite=5
[2026-03-23 18:48:05] Iniciando gerarRelatorioDia | data=2026-03-23
[2026-03-23 18:48:05] Procedure sp_gerar_relatorio_dia executada | data=2026-03-23
[2026-03-23 18:48:05] OK gerarRelatorioDia | data=2026-03-23 | coluna=data | total_encontrado=1
[2026-03-24 18:07:11] Dia ainda aberto após venda | data=2026-03-24
[2026-03-24 18:18:30] Dia ainda aberto após venda | data=2026-03-24
[2026-03-24 18:19:03] Dia ainda aberto após venda | data=2026-03-24
[2026-03-24 18:43:40] Dia ainda aberto após venda | data=2026-03-24
[2026-03-24 18:43:52] Dia fechado após venda | data=2026-03-24 | total=5 | limite=5
[2026-03-24 18:43:52] Iniciando gerarRelatorioDia | data=2026-03-24
[2026-03-24 18:43:52] Procedure sp_gerar_relatorio_dia executada | data=2026-03-24
[2026-03-24 18:43:52] OK gerarRelatorioDia | data=2026-03-24 | coluna=data | total_encontrado=1
[2026-03-24 18:47:23] Dia ainda aberto após venda | data=2026-03-24
[2026-03-24 18:47:28] Dia ainda aberto após venda | data=2026-03-24
[2026-03-24 18:59:09] Dia ainda aberto após venda | data=2026-03-24
[2026-03-24 18:59:17] Dia ainda aberto após venda | data=2026-03-24
[2026-03-24 18:59:22] Dia fechado após venda | data=2026-03-24 | total=5 | limite=5
[2026-03-24 18:59:22] Iniciando gerarRelatorioDia | data=2026-03-24
[2026-03-24 18:59:22] Procedure sp_gerar_relatorio_dia executada | data=2026-03-24
[2026-03-24 18:59:22] OK gerarRelatorioDia | data=2026-03-24 | coluna=data | total_encontrado=1
[2026-03-24 19:36:13] Dia ainda aberto após venda | data=2026-03-24
[2026-03-24 19:36:45] Dia ainda aberto após venda | data=2026-03-24
[2026-03-24 19:36:54] Dia ainda aberto após venda | data=2026-03-24
[2026-03-24 19:37:08] Dia ainda aberto após venda | data=2026-03-24
[2026-03-24 19:37:13] Dia fechado após venda | data=2026-03-24 | total=5 | limite=5
[2026-03-24 19:37:13] Iniciando gerarRelatorioDia | data=2026-03-24
[2026-03-24 19:37:13] Procedure sp_gerar_relatorio_dia executada | data=2026-03-24
[2026-03-24 19:37:13] OK gerarRelatorioDia | data=2026-03-24 | coluna=data | total_encontrado=1
[2026-03-24 19:45:49] Dia fechado após venda | data=2026-03-24 | total=5 | limite=5
[2026-03-24 19:45:49] Iniciando gerarRelatorioDia | data=2026-03-24
[2026-03-24 19:45:49] Procedure sp_gerar_relatorio_dia executada | data=2026-03-24
[2026-03-24 19:45:49] OK gerarRelatorioDia | data=2026-03-24 | coluna=data | total_encontrado=1
[2026-03-24 19:48:42] Dia ainda aberto após venda | data=2026-03-24
[2026-03-24 19:48:47] Dia ainda aberto após venda | data=2026-03-24
[2026-03-24 19:48:55] Dia ainda aberto após venda | data=2026-03-24
[2026-03-24 19:48:59] Dia ainda aberto após venda | data=2026-03-24
[2026-03-24 19:49:03] Dia fechado após venda | data=2026-03-24 | total=5 | limite=5
[2026-03-24 19:49:03] Iniciando gerarRelatorioDia | data=2026-03-24
[2026-03-24 19:49:03] Procedure sp_gerar_relatorio_dia executada | data=2026-03-24
[2026-03-24 19:49:03] OK gerarRelatorioDia | data=2026-03-24 | coluna=data | total_encontrado=1
[2026-03-24 20:17:10] Dia ainda aberto após venda | data=2026-03-24
[2026-03-24 20:17:15] Dia ainda aberto após venda | data=2026-03-24
[2026-03-24 20:17:20] Dia ainda aberto após venda | data=2026-03-24
[2026-03-24 20:17:24] Dia ainda aberto após venda | data=2026-03-24
[2026-03-24 20:17:28] Dia fechado após venda | data=2026-03-24 | total=5 | limite=5
[2026-03-24 20:17:28] Iniciando gerarRelatorioDia | data=2026-03-24
[2026-03-24 20:17:28] Procedure sp_gerar_relatorio_dia executada | data=2026-03-24
[2026-03-24 20:17:28] OK gerarRelatorioDia | data=2026-03-24 | coluna=data | total_encontrado=1
[2026-03-24 20:39:50] Dia ainda aberto após venda | data=2026-03-24
[2026-03-24 20:39:55] Dia ainda aberto após venda | data=2026-03-24
[2026-03-24 20:39:59] Dia ainda aberto após venda | data=2026-03-24
[2026-03-24 20:40:04] Dia ainda aberto após venda | data=2026-03-24
[2026-03-24 20:40:10] Dia fechado após venda | data=2026-03-24 | total=5 | limite=5
[2026-03-24 20:40:10] Iniciando gerarRelatorioDia | data=2026-03-24
[2026-03-24 20:40:10] Procedure sp_gerar_relatorio_dia executada | data=2026-03-24
[2026-03-24 20:40:10] OK gerarRelatorioDia | data=2026-03-24 | coluna=data | total_encontrado=1
[2026-03-24 21:09:35] Dia ainda aberto após venda | data=2026-03-24
[2026-03-24 21:09:39] Dia ainda aberto após venda | data=2026-03-24
[2026-03-24 21:09:44] Dia ainda aberto após venda | data=2026-03-24
[2026-03-24 21:09:48] Dia ainda aberto após venda | data=2026-03-24
[2026-03-24 21:09:53] Dia fechado após venda | data=2026-03-24 | total=5 | limite=5
[2026-03-24 21:09:53] Iniciando gerarRelatorioDia | data=2026-03-24
[2026-03-24 21:09:53] UPSERT tb_relatorios executado | data=2026-03-24
[2026-03-24 21:09:53] OK gerarRelatorioDia | data=2026-03-24 | coluna=data | total_encontrado=1
[2026-03-24 21:12:21] Dia ainda aberto após venda | data=2026-03-24
[2026-03-24 21:12:27] Dia ainda aberto após venda | data=2026-03-24
[2026-03-24 21:12:35] Dia fechado após venda | data=2026-03-24 | total=5 | limite=5
[2026-03-24 21:12:35] Iniciando gerarRelatorioDia | data=2026-03-24
[2026-03-24 21:12:35] UPSERT tb_relatorios executado | data=2026-03-24
[2026-03-24 21:12:35] OK gerarRelatorioDia | data=2026-03-24 | coluna=data | total_encontrado=1
[2026-03-24 21:30:04] Dia ainda aberto após venda | data=2026-03-24
[2026-03-24 21:30:14] Dia ainda aberto após venda | data=2026-03-24
[2026-03-24 21:30:24] Dia ainda aberto após venda | data=2026-03-24
[2026-03-24 21:30:28] Dia fechado após venda | data=2026-03-24 | total=5 | limite=5
[2026-03-24 21:30:28] Iniciando gerarRelatorioDia | data=2026-03-24
[2026-03-24 21:30:28] UPSERT tb_relatorios executado | data=2026-03-24
[2026-03-24 21:30:28] OK gerarRelatorioDia | data=2026-03-24 | coluna=data | total_encontrado=1
[2026-03-30 10:03:48] Dia ainda aberto após venda | data=2026-03-30
[2026-03-30 10:03:51] Dia ainda aberto após venda | data=2026-03-30
[2026-03-30 10:03:53] Dia ainda aberto após venda | data=2026-03-30
[2026-03-30 10:03:54] Dia ainda aberto após venda | data=2026-03-30
[2026-03-30 10:03:56] Dia fechado após venda | data=2026-03-30 | total=5 | limite=5
[2026-03-30 10:03:56] Iniciando gerarRelatorioDia | data=2026-03-30
[2026-03-30 10:03:56] UPSERT tb_relatorios executado | data=2026-03-30
[2026-03-30 10:03:56] OK gerarRelatorioDia | data=2026-03-30 | coluna=data | total_encontrado=1
[2026-03-30 13:09:45] Dia ainda aberto após venda | data=2026-03-30
[2026-03-30 13:09:57] Dia ainda aberto após venda | data=2026-03-30
[2026-03-30 13:10:05] Dia fechado após venda | data=2026-03-30 | total=5 | limite=5
[2026-03-30 13:10:05] Iniciando gerarRelatorioDia | data=2026-03-30
[2026-03-30 13:10:05] UPSERT tb_relatorios executado | data=2026-03-30
[2026-03-30 13:10:05] OK gerarRelatorioDia | data=2026-03-30 | coluna=data | total_encontrado=1
[2026-03-30 13:28:42] Dia ainda aberto após venda | data=2026-03-30
[2026-03-30 13:29:12] Dia ainda aberto após venda | data=2026-03-30
[2026-03-30 13:29:21] Dia fechado após venda | data=2026-03-30 | total=5 | limite=5
[2026-03-30 13:29:21] Iniciando gerarRelatorioDia | data=2026-03-30
[2026-03-30 13:29:21] UPSERT tb_relatorios executado | data=2026-03-30
[2026-03-30 13:29:21] OK gerarRelatorioDia | data=2026-03-30 | coluna=data | total_encontrado=1
[2026-03-31 01:48:23] Dia ainda aberto após venda | data=2026-03-31
[2026-03-31 01:48:32] Dia ainda aberto após venda | data=2026-03-31
[2026-03-31 01:49:11] Dia fechado após venda | data=2026-03-31 | total=5 | limite=5
[2026-03-31 01:49:11] Iniciando gerarRelatorioDia | data=2026-03-31
[2026-03-31 01:49:11] UPSERT tb_relatorios executado | data=2026-03-31
[2026-03-31 01:49:11] OK gerarRelatorioDia | data=2026-03-31 | coluna=data | total_encontrado=1
[2026-03-31 17:33:32] Iniciando gerarRelatorioDia | data=2026-03-31
[2026-03-31 17:33:32] UPSERT tb_relatorios executado | data=2026-03-31
[2026-03-31 17:33:32] OK gerarRelatorioDia | data=2026-03-31 | coluna=data | total_encontrado=1
[2026-03-31 17:33:32] Iniciando gerarRelatorioDia | data=2026-03-31
[2026-03-31 17:33:32] UPSERT tb_relatorios executado | data=2026-03-31
[2026-03-31 17:33:32] OK gerarRelatorioDia | data=2026-03-31 | coluna=data | total_encontrado=1
[2026-03-31 17:33:50] Iniciando gerarRelatorioDia | data=2026-03-31
[2026-03-31 17:33:50] UPSERT tb_relatorios executado | data=2026-03-31
[2026-03-31 17:33:50] OK gerarRelatorioDia | data=2026-03-31 | coluna=data | total_encontrado=1
[2026-03-31 17:48:45] Iniciando gerarRelatorioDia | data=2026-03-31
[2026-03-31 17:48:45] UPSERT tb_relatorios executado | data=2026-03-31
[2026-03-31 17:48:45] OK gerarRelatorioDia | data=2026-03-31 | coluna=data | total_encontrado=1
[2026-03-31 17:48:45] Iniciando gerarRelatorioDia | data=2026-03-31
[2026-03-31 17:48:45] UPSERT tb_relatorios executado | data=2026-03-31
[2026-03-31 17:48:45] OK gerarRelatorioDia | data=2026-03-31 | coluna=data | total_encontrado=1
[2026-03-31 17:49:17] Iniciando gerarRelatorioDia | data=2026-03-31
[2026-03-31 17:49:17] UPSERT tb_relatorios executado | data=2026-03-31
[2026-03-31 17:49:17] OK gerarRelatorioDia | data=2026-03-31 | coluna=data | total_encontrado=1
[2026-03-31 17:49:17] Iniciando gerarRelatorioDia | data=2026-03-31
[2026-03-31 17:49:17] UPSERT tb_relatorios executado | data=2026-03-31
[2026-03-31 17:49:17] OK gerarRelatorioDia | data=2026-03-31 | coluna=data | total_encontrado=1
[2026-03-31 18:29:32] Iniciando gerarRelatorioDia | data=2026-03-31
[2026-03-31 18:29:32] UPSERT tb_relatorios executado | data=2026-03-31
[2026-03-31 18:29:32] OK gerarRelatorioDia | data=2026-03-31 | coluna=data | total_encontrado=2
[2026-03-31 18:29:32] Iniciando gerarRelatorioDia | data=2026-03-31
[2026-03-31 18:29:32] UPSERT tb_relatorios executado | data=2026-03-31
[2026-03-31 18:29:32] OK gerarRelatorioDia | data=2026-03-31 | coluna=data | total_encontrado=3
[2026-03-31 18:35:07] Iniciando gerarRelatorioDia | data=2026-03-31
[2026-03-31 18:35:07] UPSERT tb_relatorios executado | data=2026-03-31
[2026-03-31 18:35:07] OK gerarRelatorioDia | data=2026-03-31 | coluna=data | total_encontrado=4
[2026-03-31 18:35:07] Iniciando gerarRelatorioDia | data=2026-03-31
[2026-03-31 18:35:07] UPSERT tb_relatorios executado | data=2026-03-31
[2026-03-31 18:35:07] OK gerarRelatorioDia | data=2026-03-31 | coluna=data | total_encontrado=5
[2026-03-31 18:35:15] Iniciando gerarRelatorioDia | data=2026-03-31
[2026-03-31 18:35:15] UPSERT tb_relatorios executado | data=2026-03-31
[2026-03-31 18:35:15] OK gerarRelatorioDia | data=2026-03-31 | coluna=data | total_encontrado=6
[2026-03-31 18:35:15] Iniciando gerarRelatorioDia | data=2026-03-31
[2026-03-31 18:35:15] UPSERT tb_relatorios executado | data=2026-03-31
[2026-03-31 18:35:15] OK gerarRelatorioDia | data=2026-03-31 | coluna=data | total_encontrado=7
[2026-03-31 18:35:21] Iniciando gerarRelatorioDia | data=2026-03-31
[2026-03-31 18:35:21] UPSERT tb_relatorios executado | data=2026-03-31
[2026-03-31 18:35:21] OK gerarRelatorioDia | data=2026-03-31 | coluna=data | total_encontrado=8
[2026-03-31 18:35:22] Iniciando gerarRelatorioDia | data=2026-03-31
[2026-03-31 18:35:22] UPSERT tb_relatorios executado | data=2026-03-31
[2026-03-31 18:35:22] OK gerarRelatorioDia | data=2026-03-31 | coluna=data | total_encontrado=9
[2026-03-31 18:35:57] Iniciando gerarRelatorioDia | data=2026-03-31
[2026-03-31 18:35:57] UPSERT tb_relatorios executado | data=2026-03-31
[2026-03-31 18:35:57] OK gerarRelatorioDia | data=2026-03-31 | coluna=data | total_encontrado=10
[2026-03-31 18:35:57] Iniciando gerarRelatorioDia | data=2026-03-31
[2026-03-31 18:35:57] UPSERT tb_relatorios executado | data=2026-03-31
[2026-03-31 18:35:57] OK gerarRelatorioDia | data=2026-03-31 | coluna=data | total_encontrado=11
[2026-03-31 18:36:00] Iniciando gerarRelatorioDia | data=2026-03-31
[2026-03-31 18:36:00] UPSERT tb_relatorios executado | data=2026-03-31
[2026-03-31 18:36:00] OK gerarRelatorioDia | data=2026-03-31 | coluna=data | total_encontrado=12
[2026-03-31 18:36:00] Iniciando gerarRelatorioDia | data=2026-03-31
[2026-03-31 18:36:00] UPSERT tb_relatorios executado | data=2026-03-31
[2026-03-31 18:36:00] OK gerarRelatorioDia | data=2026-03-31 | coluna=data | total_encontrado=13
[2026-03-31 18:36:43] Iniciando gerarRelatorioDia | data=2026-03-31
[2026-03-31 18:36:43] UPSERT tb_relatorios executado | data=2026-03-31
[2026-03-31 18:36:43] OK gerarRelatorioDia | data=2026-03-31 | coluna=data | total_encontrado=14
[2026-03-31 18:36:43] Iniciando gerarRelatorioDia | data=2026-03-31
[2026-03-31 18:36:43] UPSERT tb_relatorios executado | data=2026-03-31
[2026-03-31 18:36:43] OK gerarRelatorioDia | data=2026-03-31 | coluna=data | total_encontrado=15
[2026-03-31 18:38:21] Iniciando gerarRelatorioDia | data=2026-03-31
[2026-03-31 18:38:21] UPSERT tb_relatorios executado | data=2026-03-31
[2026-03-31 18:38:21] OK gerarRelatorioDia | data=2026-03-31 | coluna=data | total_encontrado=16
[2026-03-31 18:38:21] Iniciando gerarRelatorioDia | data=2026-03-31
[2026-03-31 18:38:21] UPSERT tb_relatorios executado | data=2026-03-31
[2026-03-31 18:38:21] OK gerarRelatorioDia | data=2026-03-31 | coluna=data | total_encontrado=17
[2026-03-31 18:40:31] Iniciando gerarRelatorioDia | data=2026-03-31
[2026-03-31 18:40:31] UPSERT tb_relatorios executado | data=2026-03-31
[2026-03-31 18:40:31] OK gerarRelatorioDia | data=2026-03-31 | coluna=data | total_encontrado=18
[2026-03-31 18:40:31] Iniciando gerarRelatorioDia | data=2026-03-31
[2026-03-31 18:40:31] UPSERT tb_relatorios executado | data=2026-03-31
[2026-03-31 18:40:31] OK gerarRelatorioDia | data=2026-03-31 | coluna=data | total_encontrado=19
[2026-03-31 18:40:35] Iniciando gerarRelatorioDia | data=2026-03-31
[2026-03-31 18:40:35] UPSERT tb_relatorios executado | data=2026-03-31
[2026-03-31 18:40:35] OK gerarRelatorioDia | data=2026-03-31 | coluna=data | total_encontrado=20
[2026-03-31 18:40:35] Iniciando gerarRelatorioDia | data=2026-03-31
[2026-03-31 18:40:35] UPSERT tb_relatorios executado | data=2026-03-31
[2026-03-31 18:40:35] OK gerarRelatorioDia | data=2026-03-31 | coluna=data | total_encontrado=21
[2026-03-31 18:42:13] Iniciando gerarRelatorioDia | data=2026-03-31
[2026-03-31 18:42:13] UPSERT tb_relatorios executado | data=2026-03-31
[2026-03-31 18:42:13] OK gerarRelatorioDia | data=2026-03-31 | coluna=data | total_encontrado=22
[2026-03-31 18:42:13] Iniciando gerarRelatorioDia | data=2026-03-31
[2026-03-31 18:42:13] UPSERT tb_relatorios executado | data=2026-03-31
[2026-03-31 18:42:13] OK gerarRelatorioDia | data=2026-03-31 | coluna=data | total_encontrado=23
[2026-03-31 18:56:18] Iniciando gerarRelatorioDia | data=2026-03-31
[2026-03-31 18:56:18] UPSERT tb_relatorios executado | data=2026-03-31
[2026-03-31 18:56:18] OK gerarRelatorioDia | data=2026-03-31 | coluna=data | total_encontrado=24
[2026-03-31 18:56:18] Iniciando gerarRelatorioDia | data=2026-03-31
[2026-03-31 18:56:18] UPSERT tb_relatorios executado | data=2026-03-31
[2026-03-31 18:56:18] OK gerarRelatorioDia | data=2026-03-31 | coluna=data | total_encontrado=25
[2026-03-31 19:10:19] Iniciando gerarRelatorioDia | data=2026-03-31
[2026-03-31 19:10:19] UPSERT tb_relatorios executado | data=2026-03-31
[2026-03-31 19:10:19] OK gerarRelatorioDia | data=2026-03-31 | coluna=data | total_encontrado=26
[2026-03-31 19:10:19] Iniciando gerarRelatorioDia | data=2026-03-31
[2026-03-31 19:10:19] UPSERT tb_relatorios executado | data=2026-03-31
[2026-03-31 19:10:19] OK gerarRelatorioDia | data=2026-03-31 | coluna=data | total_encontrado=27
[2026-03-31 19:10:40] Iniciando gerarRelatorioDia | data=2026-03-31
[2026-03-31 19:10:40] UPSERT tb_relatorios executado | data=2026-03-31
[2026-03-31 19:10:40] OK gerarRelatorioDia | data=2026-03-31 | coluna=data | total_encontrado=28
[2026-03-31 19:11:51] Iniciando gerarRelatorioDia | data=2026-03-31
[2026-03-31 19:11:51] UPSERT tb_relatorios executado | data=2026-03-31
[2026-03-31 19:11:51] OK gerarRelatorioDia | data=2026-03-31 | coluna=data | total_encontrado=29
[2026-03-31 19:11:51] Iniciando gerarRelatorioDia | data=2026-03-31
[2026-03-31 19:11:51] UPSERT tb_relatorios executado | data=2026-03-31
[2026-03-31 19:11:51] OK gerarRelatorioDia | data=2026-03-31 | coluna=data | total_encontrado=30
[2026-03-31 19:11:57] Iniciando gerarRelatorioDia | data=2026-03-31
[2026-03-31 19:11:57] UPSERT tb_relatorios executado | data=2026-03-31
[2026-03-31 19:11:57] OK gerarRelatorioDia | data=2026-03-31 | coluna=data | total_encontrado=31
[2026-03-31 19:14:07] Iniciando gerarRelatorioDia | data=2026-03-31
[2026-03-31 19:14:07] UPSERT tb_relatorios executado | data=2026-03-31
[2026-03-31 19:14:07] OK gerarRelatorioDia | data=2026-03-31 | coluna=data | total_encontrado=1
[2026-03-31 19:14:07] Iniciando gerarRelatorioDia | data=2026-03-31
[2026-03-31 19:14:07] UPSERT tb_relatorios executado | data=2026-03-31
[2026-03-31 19:14:07] OK gerarRelatorioDia | data=2026-03-31 | coluna=data | total_encontrado=2
[2026-03-31 19:14:19] Iniciando gerarRelatorioDia | data=2026-03-31
[2026-03-31 19:14:19] UPSERT tb_relatorios executado | data=2026-03-31
[2026-03-31 19:14:19] OK gerarRelatorioDia | data=2026-03-31 | coluna=data | total_encontrado=3
[2026-03-31 19:14:20] Iniciando gerarRelatorioDia | data=2026-03-31
[2026-03-31 19:14:20] UPSERT tb_relatorios executado | data=2026-03-31
[2026-03-31 19:14:20] OK gerarRelatorioDia | data=2026-03-31 | coluna=data | total_encontrado=4
[2026-03-31 19:14:33] Iniciando gerarRelatorioDia | data=2026-03-31
[2026-03-31 19:14:33] UPSERT tb_relatorios executado | data=2026-03-31
[2026-03-31 19:14:33] OK gerarRelatorioDia | data=2026-03-31 | coluna=data | total_encontrado=5
[2026-03-31 19:35:41] Iniciando gerarRelatorioDia | data=2026-03-31
[2026-03-31 19:35:41] UPSERT tb_relatorios executado | data=2026-03-31
[2026-03-31 19:35:41] OK gerarRelatorioDia | data=2026-03-31 | coluna=data | total_encontrado=1
[2026-03-31 19:35:41] Iniciando gerarRelatorioDia | data=2026-03-31
[2026-03-31 19:35:41] UPSERT tb_relatorios executado | data=2026-03-31
[2026-03-31 19:35:41] OK gerarRelatorioDia | data=2026-03-31 | coluna=data | total_encontrado=1
[2026-03-31 19:52:02] Iniciando gerarRelatorioDia | data=2026-03-31
[2026-03-31 19:52:02] UPSERT tb_relatorios executado | data=2026-03-31
[2026-03-31 19:52:02] OK gerarRelatorioDia | data=2026-03-31 | coluna=data | total_encontrado=1
[2026-03-31 19:52:03] Iniciando gerarRelatorioDia | data=2026-03-31
[2026-03-31 19:52:03] UPSERT tb_relatorios executado | data=2026-03-31
[2026-03-31 19:52:03] OK gerarRelatorioDia | data=2026-03-31 | coluna=data | total_encontrado=1
[2026-03-31 19:52:16] Iniciando gerarRelatorioDia | data=2026-03-31
[2026-03-31 19:52:16] UPSERT tb_relatorios executado | data=2026-03-31
[2026-03-31 19:52:16] OK gerarRelatorioDia | data=2026-03-31 | coluna=data | total_encontrado=1
[2026-03-31 19:53:05] Iniciando gerarRelatorioDia | data=2026-03-31
[2026-03-31 19:53:05] UPSERT tb_relatorios executado | data=2026-03-31
[2026-03-31 19:53:05] OK gerarRelatorioDia | data=2026-03-31 | coluna=data | total_encontrado=1
[2026-03-31 19:53:06] Iniciando gerarRelatorioDia | data=2026-03-31
[2026-03-31 19:53:06] UPSERT tb_relatorios executado | data=2026-03-31
[2026-03-31 19:53:06] OK gerarRelatorioDia | data=2026-03-31 | coluna=data | total_encontrado=1
[2026-03-31 19:53:12] Iniciando gerarRelatorioDia | data=2026-03-31
[2026-03-31 19:53:12] UPSERT tb_relatorios executado | data=2026-03-31
[2026-03-31 19:53:12] OK gerarRelatorioDia | data=2026-03-31 | coluna=data | total_encontrado=1
[2026-03-31 19:54:44] Iniciando gerarRelatorioDia | data=2026-03-31
[2026-03-31 19:54:44] UPSERT tb_relatorios executado | data=2026-03-31
[2026-03-31 19:54:44] OK gerarRelatorioDia | data=2026-03-31 | coluna=data | total_encontrado=1
[2026-03-31 19:54:44] Iniciando gerarRelatorioDia | data=2026-03-31
[2026-03-31 19:54:44] UPSERT tb_relatorios executado | data=2026-03-31
[2026-03-31 19:54:44] OK gerarRelatorioDia | data=2026-03-31 | coluna=data | total_encontrado=1
[2026-03-31 20:52:49] Iniciando gerarRelatorioDia | data=2026-03-31
[2026-03-31 20:52:49] UPSERT tb_relatorios executado | data=2026-03-31
[2026-03-31 20:52:49] OK gerarRelatorioDia | data=2026-03-31 | coluna=data | total_encontrado=1
[2026-03-31 20:52:49] Iniciando gerarRelatorioDia | data=2026-03-31
[2026-03-31 20:52:49] UPSERT tb_relatorios executado | data=2026-03-31
[2026-03-31 20:52:49] OK gerarRelatorioDia | data=2026-03-31 | coluna=data | total_encontrado=1
[2026-03-31 21:03:57] Iniciando gerarRelatorioDia | data=2026-03-31
[2026-03-31 21:03:57] UPSERT tb_relatorios executado | data=2026-03-31
[2026-03-31 21:03:57] OK gerarRelatorioDia | data=2026-03-31 | coluna=data | total_encontrado=1
[2026-03-31 21:03:58] Iniciando gerarRelatorioDia | data=2026-03-31
[2026-03-31 21:03:58] UPSERT tb_relatorios executado | data=2026-03-31
[2026-03-31 21:03:58] OK gerarRelatorioDia | data=2026-03-31 | coluna=data | total_encontrado=1
[2026-03-31 21:04:01] Iniciando gerarRelatorioDia | data=2026-03-31
[2026-03-31 21:04:01] UPSERT tb_relatorios executado | data=2026-03-31
[2026-03-31 21:04:01] OK gerarRelatorioDia | data=2026-03-31 | coluna=data | total_encontrado=1
[2026-03-31 21:04:01] Iniciando gerarRelatorioDia | data=2026-03-31
[2026-03-31 21:04:01] UPSERT tb_relatorios executado | data=2026-03-31
[2026-03-31 21:04:01] OK gerarRelatorioDia | data=2026-03-31 | coluna=data | total_encontrado=1
[2026-03-31 21:04:05] Iniciando gerarRelatorioDia | data=2026-03-31
[2026-03-31 21:04:05] UPSERT tb_relatorios executado | data=2026-03-31
[2026-03-31 21:04:05] OK gerarRelatorioDia | data=2026-03-31 | coluna=data | total_encontrado=1
[2026-04-01 09:43:56] Dia ainda aberto após venda | data=2026-04-01
[2026-04-01 09:46:45] Dia ainda aberto após venda | data=2026-04-01
[2026-04-01 09:46:47] Dia ainda aberto após venda | data=2026-04-01
[2026-04-01 09:46:49] Dia ainda aberto após venda | data=2026-04-01
[2026-04-01 09:46:51] Dia fechado após venda | data=2026-04-01 | total=5 | limite=5
[2026-04-01 09:46:51] Iniciando gerarRelatorioDia | data=2026-04-01
[2026-04-01 09:46:51] UPSERT tb_relatorios executado | data=2026-04-01
[2026-04-01 09:46:51] OK gerarRelatorioDia | data=2026-04-01 | coluna=data | total_encontrado=1
[2026-04-01 09:46:51] Iniciando gerarRelatorioDia | data=2026-04-01
[2026-04-01 09:46:51] UPSERT tb_relatorios executado | data=2026-04-01
[2026-04-01 09:46:51] OK gerarRelatorioDia | data=2026-04-01 | coluna=data | total_encontrado=1
[2026-04-01 09:46:51] Iniciando gerarRelatorioDia | data=2026-04-01
[2026-04-01 09:46:51] UPSERT tb_relatorios executado | data=2026-04-01
[2026-04-01 09:46:51] OK gerarRelatorioDia | data=2026-04-01 | coluna=data | total_encontrado=1
[2026-04-01 09:46:53] Iniciando gerarRelatorioDia | data=2026-04-01
[2026-04-01 09:46:53] UPSERT tb_relatorios executado | data=2026-04-01
[2026-04-01 09:46:53] OK gerarRelatorioDia | data=2026-04-01 | coluna=data | total_encontrado=1
[2026-04-01 09:46:53] Iniciando gerarRelatorioDia | data=2026-04-01
[2026-04-01 09:46:53] UPSERT tb_relatorios executado | data=2026-04-01
[2026-04-01 09:46:53] OK gerarRelatorioDia | data=2026-04-01 | coluna=data | total_encontrado=1
[2026-04-01 09:47:00] Iniciando gerarRelatorioDia | data=2026-04-01
[2026-04-01 09:47:00] UPSERT tb_relatorios executado | data=2026-04-01
[2026-04-01 09:47:00] OK gerarRelatorioDia | data=2026-04-01 | coluna=data | total_encontrado=1
[2026-04-01 10:39:47] Iniciando gerarRelatorioDia | data=2026-04-01
[2026-04-01 10:39:47] UPSERT tb_relatorios executado | data=2026-04-01
[2026-04-01 10:39:47] OK gerarRelatorioDia | data=2026-04-01 | coluna=data | total_encontrado=1
[2026-04-01 10:39:47] Iniciando gerarRelatorioDia | data=2026-04-01
[2026-04-01 10:39:47] UPSERT tb_relatorios executado | data=2026-04-01
[2026-04-01 10:39:47] OK gerarRelatorioDia | data=2026-04-01 | coluna=data | total_encontrado=1
[2026-04-01 13:46:57] Iniciando gerarRelatorioDia | data=2026-04-01
[2026-04-01 13:46:57] UPSERT tb_relatorios executado | data=2026-04-01
[2026-04-01 13:46:57] OK gerarRelatorioDia | data=2026-04-01 | coluna=data | total_encontrado=1
[2026-04-01 13:46:57] Iniciando gerarRelatorioDia | data=2026-04-01
[2026-04-01 13:46:57] UPSERT tb_relatorios executado | data=2026-04-01
[2026-04-01 13:46:57] OK gerarRelatorioDia | data=2026-04-01 | coluna=data | total_encontrado=1
[2026-04-01 13:49:08] Iniciando gerarRelatorioDia | data=2026-04-01
[2026-04-01 13:49:08] UPSERT tb_relatorios executado | data=2026-04-01
[2026-04-01 13:49:08] OK gerarRelatorioDia | data=2026-04-01 | coluna=data | total_encontrado=1
[2026-04-01 13:49:08] Iniciando gerarRelatorioDia | data=2026-04-01
[2026-04-01 13:49:08] UPSERT tb_relatorios executado | data=2026-04-01
[2026-04-01 13:49:08] OK gerarRelatorioDia | data=2026-04-01 | coluna=data | total_encontrado=1
[2026-04-01 13:55:30] Iniciando gerarRelatorioDia | data=2026-04-01
[2026-04-01 13:55:30] UPSERT tb_relatorios executado | data=2026-04-01
[2026-04-01 13:55:30] OK gerarRelatorioDia | data=2026-04-01 | coluna=data | total_encontrado=1
[2026-04-01 13:55:30] Iniciando gerarRelatorioDia | data=2026-04-01
[2026-04-01 13:55:30] UPSERT tb_relatorios executado | data=2026-04-01
[2026-04-01 13:55:30] OK gerarRelatorioDia | data=2026-04-01 | coluna=data | total_encontrado=1
[2026-04-02 08:13:09] Dia ainda aberto após venda | data=2026-04-02
[2026-04-04 13:49:04] Dia ainda aberto após venda | data=2026-04-04
[2026-04-04 13:49:19] Dia ainda aberto após venda | data=2026-04-04
[2026-04-04 13:49:27] Dia ainda aberto após venda | data=2026-04-04
[2026-04-04 13:49:31] Dia ainda aberto após venda | data=2026-04-04
[2026-04-04 13:49:45] Dia ainda aberto após venda | data=2026-04-04
[2026-04-04 13:49:52] ERRO rota /admin/api/fechamento/manual | msg=SQLSTATE[42S22]: Column not found: 1054 Unknown column 'registration_date' in 'field list'
[2026-04-04 13:59:27] Iniciando gerarRelatorioDia | data=2026-04-04
[2026-04-04 13:59:27] UPSERT tb_relatorios executado | data=2026-04-04
[2026-04-04 13:59:27] OK gerarRelatorioDia | data=2026-04-04 | coluna=data | total_encontrado=1
[2026-04-04 14:13:12] Iniciando gerarRelatorioDia | data=2026-04-04
[2026-04-04 14:13:13] UPSERT tb_relatorios executado | data=2026-04-04
[2026-04-04 14:13:13] OK gerarRelatorioDia | data=2026-04-04 | coluna=data | total_encontrado=1
[2026-04-04 14:13:13] Iniciando gerarRelatorioDia | data=2026-04-04
[2026-04-04 14:13:13] UPSERT tb_relatorios executado | data=2026-04-04
[2026-04-04 14:13:13] OK gerarRelatorioDia | data=2026-04-04 | coluna=data | total_encontrado=1
[2026-04-04 14:13:22] Iniciando gerarRelatorioDia | data=2026-04-04
[2026-04-04 14:13:22] UPSERT tb_relatorios executado | data=2026-04-04
[2026-04-04 14:13:22] OK gerarRelatorioDia | data=2026-04-04 | coluna=data | total_encontrado=1
[2026-04-04 14:18:23] Iniciando gerarRelatorioDia | data=2026-04-04
[2026-04-04 14:18:23] ERRO ao atualizar tb_relatorios | data=2026-04-04 | msg=SQLSTATE[23000]: Integrity constraint violation: 1048 Column 'Idade_3a17Masculino' cannot be null
[2026-04-04 14:18:23] ERRO rota /admin/api/relatorio/fechamento-info [GET] | data=2026-04-04 | msg=Falha ao atualizar tb_relatorios: SQLSTATE[23000]: Integrity constraint violation: 1048 Column 'Idade_3a17Masculino' cannot be null
[2026-04-04 14:18:23] Iniciando gerarRelatorioDia | data=2026-04-04
[2026-04-04 14:18:23] ERRO ao atualizar tb_relatorios | data=2026-04-04 | msg=SQLSTATE[23000]: Integrity constraint violation: 1048 Column 'Idade_3a17Masculino' cannot be null
[2026-04-04 14:18:23] ERRO rota /admin/api/relatorio/fechamento-info [GET] | data=2026-04-04 | msg=Falha ao atualizar tb_relatorios: SQLSTATE[23000]: Integrity constraint violation: 1048 Column 'Idade_3a17Masculino' cannot be null
[2026-04-04 14:26:25] Dia ainda aberto após venda | data=2026-04-04
[2026-04-04 14:26:34] Dia ainda aberto após venda | data=2026-04-04
[2026-04-04 14:26:37] Dia ainda aberto após venda | data=2026-04-04
[2026-04-04 14:26:43] Dia ainda aberto após venda | data=2026-04-04
[2026-04-04 14:26:46] Dia ainda aberto após venda | data=2026-04-04
[2026-04-04 14:26:54] Dia ainda aberto após venda | data=2026-04-04
[2026-04-04 14:27:03] Dia ainda aberto após venda | data=2026-04-04
[2026-04-04 14:27:27] Iniciando gerarRelatorioDia | data=2026-04-04
[2026-04-04 14:27:27] UPSERT tb_relatorios executado | data=2026-04-04
[2026-04-04 14:27:27] OK gerarRelatorioDia | data=2026-04-04 | coluna=data | total_encontrado=1
[2026-04-04 14:27:28] Iniciando gerarRelatorioDia | data=2026-04-04
[2026-04-04 14:27:28] UPSERT tb_relatorios executado | data=2026-04-04
[2026-04-04 14:27:28] OK gerarRelatorioDia | data=2026-04-04 | coluna=data | total_encontrado=1
[2026-04-04 14:28:04] Iniciando gerarRelatorioDia | data=2026-04-04
[2026-04-04 14:28:04] UPSERT tb_relatorios executado | data=2026-04-04
[2026-04-04 14:28:04] OK gerarRelatorioDia | data=2026-04-04 | coluna=data | total_encontrado=1
[2026-04-04 14:28:04] Fechamento manual concluído | data=2026-04-04 | total=15 | limite=600
[2026-04-04 15:28:01] Iniciando gerarRelatorioDia | data=2026-04-04
[2026-04-04 15:28:01] UPSERT tb_relatorios executado | data=2026-04-04
[2026-04-04 15:28:01] OK gerarRelatorioDia | data=2026-04-04 | coluna=data | total_encontrado=1
[2026-04-04 15:28:02] Iniciando gerarRelatorioDia | data=2026-04-04
[2026-04-04 15:28:02] UPSERT tb_relatorios executado | data=2026-04-04
[2026-04-04 15:28:02] OK gerarRelatorioDia | data=2026-04-04 | coluna=data | total_encontrado=1
[2026-04-04 15:47:52] Iniciando gerarRelatorioDia | data=2026-04-04
[2026-04-04 15:47:52] UPSERT tb_relatorios executado | data=2026-04-04
[2026-04-04 15:47:52] OK gerarRelatorioDia | data=2026-04-04 | coluna=data | total_encontrado=1
[2026-04-04 15:47:52] Iniciando gerarRelatorioDia | data=2026-04-04
[2026-04-04 15:47:52] UPSERT tb_relatorios executado | data=2026-04-04
[2026-04-04 15:47:52] OK gerarRelatorioDia | data=2026-04-04 | coluna=data | total_encontrado=1
[2026-04-04 15:48:06] Iniciando gerarRelatorioDia | data=2026-04-04
[2026-04-04 15:48:06] UPSERT tb_relatorios executado | data=2026-04-04
[2026-04-04 15:48:06] OK gerarRelatorioDia | data=2026-04-04 | coluna=data | total_encontrado=1
[2026-04-04 15:51:08] Iniciando gerarRelatorioDia | data=2026-04-04
[2026-04-04 15:51:08] UPSERT tb_relatorios executado | data=2026-04-04
[2026-04-04 15:51:08] OK gerarRelatorioDia | data=2026-04-04 | coluna=data | total_encontrado=1
[2026-04-04 15:51:09] Iniciando gerarRelatorioDia | data=2026-04-04
[2026-04-04 15:51:09] UPSERT tb_relatorios executado | data=2026-04-04
[2026-04-04 15:51:09] OK gerarRelatorioDia | data=2026-04-04 | coluna=data | total_encontrado=1
[2026-04-04 15:51:10] Iniciando gerarRelatorioDia | data=2026-04-04
[2026-04-04 15:51:10] UPSERT tb_relatorios executado | data=2026-04-04
[2026-04-04 15:51:10] OK gerarRelatorioDia | data=2026-04-04 | coluna=data | total_encontrado=1
[2026-04-04 15:51:14] Iniciando gerarRelatorioDia | data=2026-04-04
[2026-04-04 15:51:14] UPSERT tb_relatorios executado | data=2026-04-04
[2026-04-04 15:51:14] OK gerarRelatorioDia | data=2026-04-04 | coluna=data | total_encontrado=1
[2026-04-04 15:51:53] Iniciando gerarRelatorioDia | data=2026-04-04
[2026-04-04 15:51:53] UPSERT tb_relatorios executado | data=2026-04-04
[2026-04-04 15:51:53] OK gerarRelatorioDia | data=2026-04-04 | coluna=data | total_encontrado=1
[2026-04-04 15:51:53] Iniciando gerarRelatorioDia | data=2026-04-04
[2026-04-04 15:51:53] UPSERT tb_relatorios executado | data=2026-04-04
[2026-04-04 15:51:53] OK gerarRelatorioDia | data=2026-04-04 | coluna=data | total_encontrado=1
[2026-04-04 15:53:06] Iniciando gerarRelatorioDia | data=2026-04-04
[2026-04-04 15:53:06] UPSERT tb_relatorios executado | data=2026-04-04
[2026-04-04 15:53:06] OK gerarRelatorioDia | data=2026-04-04 | coluna=data | total_encontrado=1
[2026-04-04 15:53:06] Iniciando gerarRelatorioDia | data=2026-04-04
[2026-04-04 15:53:06] UPSERT tb_relatorios executado | data=2026-04-04
[2026-04-04 15:53:06] OK gerarRelatorioDia | data=2026-04-04 | coluna=data | total_encontrado=1
[2026-04-04 15:53:16] Iniciando gerarRelatorioDia | data=2026-04-04
[2026-04-04 15:53:16] UPSERT tb_relatorios executado | data=2026-04-04
[2026-04-04 15:53:16] OK gerarRelatorioDia | data=2026-04-04 | coluna=data | total_encontrado=1
[2026-04-04 15:53:27] Iniciando gerarRelatorioDia | data=2026-04-04
[2026-04-04 15:53:27] UPSERT tb_relatorios executado | data=2026-04-04
[2026-04-04 15:53:27] OK gerarRelatorioDia | data=2026-04-04 | coluna=data | total_encontrado=1
[2026-04-04 16:04:34] Iniciando gerarRelatorioDia | data=2026-04-04
[2026-04-04 16:04:34] UPSERT tb_relatorios executado | data=2026-04-04
[2026-04-04 16:04:34] OK gerarRelatorioDia | data=2026-04-04 | coluna=data | total_encontrado=1
[2026-04-04 16:04:34] Iniciando gerarRelatorioDia | data=2026-04-04
[2026-04-04 16:04:34] UPSERT tb_relatorios executado | data=2026-04-04
[2026-04-04 16:04:34] OK gerarRelatorioDia | data=2026-04-04 | coluna=data | total_encontrado=1
[2026-04-04 16:04:39] Iniciando gerarRelatorioDia | data=2026-04-04
[2026-04-04 16:04:39] UPSERT tb_relatorios executado | data=2026-04-04
[2026-04-04 16:04:39] OK gerarRelatorioDia | data=2026-04-04 | coluna=data | total_encontrado=1
[2026-04-04 16:05:19] Iniciando gerarRelatorioDia | data=2026-04-04
[2026-04-04 16:05:19] UPSERT tb_relatorios executado | data=2026-04-04
[2026-04-04 16:05:19] OK gerarRelatorioDia | data=2026-04-04 | coluna=data | total_encontrado=1
[2026-04-04 16:05:20] Iniciando gerarRelatorioDia | data=2026-04-04
[2026-04-04 16:05:20] UPSERT tb_relatorios executado | data=2026-04-04
[2026-04-04 16:05:20] OK gerarRelatorioDia | data=2026-04-04 | coluna=data | total_encontrado=1
[2026-04-04 16:05:21] Iniciando gerarRelatorioDia | data=2026-04-04
[2026-04-04 16:05:21] UPSERT tb_relatorios executado | data=2026-04-04
[2026-04-04 16:05:21] OK gerarRelatorioDia | data=2026-04-04 | coluna=data | total_encontrado=1
[2026-04-04 16:07:37] Iniciando gerarRelatorioDia | data=2026-04-04
[2026-04-04 16:07:37] UPSERT tb_relatorios executado | data=2026-04-04
[2026-04-04 16:07:37] OK gerarRelatorioDia | data=2026-04-04 | coluna=data | total_encontrado=1
[2026-04-04 16:07:37] Iniciando gerarRelatorioDia | data=2026-04-04
[2026-04-04 16:07:37] UPSERT tb_relatorios executado | data=2026-04-04
[2026-04-04 16:07:37] OK gerarRelatorioDia | data=2026-04-04 | coluna=data | total_encontrado=1
[2026-04-04 16:07:45] Iniciando gerarRelatorioDia | data=2026-04-04
[2026-04-04 16:07:45] UPSERT tb_relatorios executado | data=2026-04-04
[2026-04-04 16:07:45] OK gerarRelatorioDia | data=2026-04-04 | coluna=data | total_encontrado=1
[2026-04-04 16:07:58] Iniciando gerarRelatorioDia | data=2026-04-04
[2026-04-04 16:07:58] UPSERT tb_relatorios executado | data=2026-04-04
[2026-04-04 16:07:58] OK gerarRelatorioDia | data=2026-04-04 | coluna=data | total_encontrado=1
[2026-04-04 16:08:10] Iniciando gerarRelatorioDia | data=2026-04-04
[2026-04-04 16:08:10] UPSERT tb_relatorios executado | data=2026-04-04
[2026-04-04 16:08:10] OK gerarRelatorioDia | data=2026-04-04 | coluna=data | total_encontrado=1
[2026-04-04 16:08:10] Iniciando gerarRelatorioDia | data=2026-04-04
[2026-04-04 16:08:10] UPSERT tb_relatorios executado | data=2026-04-04
[2026-04-04 16:08:10] OK gerarRelatorioDia | data=2026-04-04 | coluna=data | total_encontrado=1
[2026-04-04 16:08:11] Iniciando gerarRelatorioDia | data=2026-04-04
[2026-04-04 16:08:12] UPSERT tb_relatorios executado | data=2026-04-04
[2026-04-04 16:08:12] OK gerarRelatorioDia | data=2026-04-04 | coluna=data | total_encontrado=1
[2026-04-04 16:08:38] Iniciando gerarRelatorioDia | data=2026-04-04
[2026-04-04 16:08:38] UPSERT tb_relatorios executado | data=2026-04-04
[2026-04-04 16:08:38] OK gerarRelatorioDia | data=2026-04-04 | coluna=data | total_encontrado=1
[2026-04-04 16:08:38] Iniciando gerarRelatorioDia | data=2026-04-04
[2026-04-04 16:08:38] UPSERT tb_relatorios executado | data=2026-04-04
[2026-04-04 16:08:38] OK gerarRelatorioDia | data=2026-04-04 | coluna=data | total_encontrado=1
[2026-04-04 16:08:40] Iniciando gerarRelatorioDia | data=2026-04-04
[2026-04-04 16:08:40] UPSERT tb_relatorios executado | data=2026-04-04
[2026-04-04 16:08:40] OK gerarRelatorioDia | data=2026-04-04 | coluna=data | total_encontrado=1
[2026-04-04 16:10:45] Iniciando gerarRelatorioDia | data=2026-04-04
[2026-04-04 16:10:45] UPSERT tb_relatorios executado | data=2026-04-04
[2026-04-04 16:10:45] OK gerarRelatorioDia | data=2026-04-04 | coluna=data | total_encontrado=1
[2026-04-04 16:10:46] Iniciando gerarRelatorioDia | data=2026-04-04
[2026-04-04 16:10:46] UPSERT tb_relatorios executado | data=2026-04-04
[2026-04-04 16:10:46] OK gerarRelatorioDia | data=2026-04-04 | coluna=data | total_encontrado=1
[2026-04-04 16:10:52] Iniciando gerarRelatorioDia | data=2026-04-04
[2026-04-04 16:10:52] UPSERT tb_relatorios executado | data=2026-04-04
[2026-04-04 16:10:52] OK gerarRelatorioDia | data=2026-04-04 | coluna=data | total_encontrado=1
[2026-04-04 16:11:43] Iniciando gerarRelatorioDia | data=2026-04-04
[2026-04-04 16:11:43] UPSERT tb_relatorios executado | data=2026-04-04
[2026-04-04 16:11:43] OK gerarRelatorioDia | data=2026-04-04 | coluna=data | total_encontrado=1
[2026-04-04 16:11:43] Iniciando gerarRelatorioDia | data=2026-04-04
[2026-04-04 16:11:43] UPSERT tb_relatorios executado | data=2026-04-04
[2026-04-04 16:11:43] OK gerarRelatorioDia | data=2026-04-04 | coluna=data | total_encontrado=1
[2026-04-04 16:11:47] Iniciando gerarRelatorioDia | data=2026-04-04
[2026-04-04 16:11:47] UPSERT tb_relatorios executado | data=2026-04-04
[2026-04-04 16:11:47] OK gerarRelatorioDia | data=2026-04-04 | coluna=data | total_encontrado=1
[2026-04-04 17:21:51] Iniciando gerarRelatorioDia | data=2026-04-04
[2026-04-04 17:21:51] UPSERT tb_relatorios executado | data=2026-04-04
[2026-04-04 17:21:51] OK gerarRelatorioDia | data=2026-04-04 | coluna=data | total_encontrado=1
[2026-04-04 17:21:51] Iniciando gerarRelatorioDia | data=2026-04-04
[2026-04-04 17:21:51] UPSERT tb_relatorios executado | data=2026-04-04
[2026-04-04 17:21:51] OK gerarRelatorioDia | data=2026-04-04 | coluna=data | total_encontrado=1
[2026-04-04 17:21:57] Iniciando gerarRelatorioDia | data=2026-04-04
[2026-04-04 17:21:57] UPSERT tb_relatorios executado | data=2026-04-04
[2026-04-04 17:21:57] OK gerarRelatorioDia | data=2026-04-04 | coluna=data | total_encontrado=1
[2026-04-04 17:23:57] Iniciando gerarRelatorioDia | data=2026-04-04
[2026-04-04 17:23:57] UPSERT tb_relatorios executado | data=2026-04-04
[2026-04-04 17:23:57] OK gerarRelatorioDia | data=2026-04-04 | coluna=data | total_encontrado=1
[2026-04-04 17:23:57] Iniciando gerarRelatorioDia | data=2026-04-04
[2026-04-04 17:23:57] UPSERT tb_relatorios executado | data=2026-04-04
[2026-04-04 17:23:57] OK gerarRelatorioDia | data=2026-04-04 | coluna=data | total_encontrado=1
[2026-04-04 17:24:05] Iniciando gerarRelatorioDia | data=2026-04-04
[2026-04-04 17:24:05] UPSERT tb_relatorios executado | data=2026-04-04
[2026-04-04 17:24:05] OK gerarRelatorioDia | data=2026-04-04 | coluna=data | total_encontrado=1
[2026-04-04 17:25:46] Iniciando gerarRelatorioDia | data=2026-04-04
[2026-04-04 17:25:46] UPSERT tb_relatorios executado | data=2026-04-04
[2026-04-04 17:25:46] OK gerarRelatorioDia | data=2026-04-04 | coluna=data | total_encontrado=1
[2026-04-04 17:25:46] Iniciando gerarRelatorioDia | data=2026-04-04
[2026-04-04 17:25:46] UPSERT tb_relatorios executado | data=2026-04-04
[2026-04-04 17:25:46] OK gerarRelatorioDia | data=2026-04-04 | coluna=data | total_encontrado=1
[2026-04-04 17:25:47] Iniciando gerarRelatorioDia | data=2026-04-04
[2026-04-04 17:25:47] UPSERT tb_relatorios executado | data=2026-04-04
[2026-04-04 17:25:47] OK gerarRelatorioDia | data=2026-04-04 | coluna=data | total_encontrado=1
[2026-04-04 19:20:05] Iniciando gerarRelatorioDia | data=2026-04-04
[2026-04-04 19:20:05] UPSERT tb_relatorios executado | data=2026-04-04
[2026-04-04 19:20:05] OK gerarRelatorioDia | data=2026-04-04 | coluna=data | total_encontrado=1
[2026-04-04 19:20:06] Iniciando gerarRelatorioDia | data=2026-04-04
[2026-04-04 19:20:06] UPSERT tb_relatorios executado | data=2026-04-04
[2026-04-04 19:20:06] OK gerarRelatorioDia | data=2026-04-04 | coluna=data | total_encontrado=1
[2026-04-04 19:20:11] Iniciando gerarRelatorioDia | data=2026-04-04
[2026-04-04 19:20:11] UPSERT tb_relatorios executado | data=2026-04-04
[2026-04-04 19:20:11] OK gerarRelatorioDia | data=2026-04-04 | coluna=data | total_encontrado=1
[2026-04-07 09:07:39] Dia ainda aberto após venda | data=2026-04-07
[2026-04-07 09:17:51] Dia ainda aberto após venda | data=2026-04-07
[2026-04-07 09:18:35] Dia ainda aberto após venda | data=2026-04-07
[2026-04-07 09:27:44] Dia ainda aberto após venda | data=2026-04-07
[2026-04-07 09:28:05] Dia ainda aberto após venda | data=2026-04-07
[2026-04-07 09:45:36] Dia ainda aberto após venda | data=2026-04-07
[2026-04-07 09:49:40] Dia ainda aberto após venda | data=2026-04-07
[2026-04-07 09:50:01] Dia ainda aberto após venda | data=2026-04-07
[2026-04-07 09:50:28] Dia ainda aberto após venda | data=2026-04-07
[2026-04-07 09:51:59] Dia ainda aberto após venda | data=2026-04-07
[2026-04-07 09:52:24] Dia ainda aberto após venda | data=2026-04-07
[2026-04-07 09:53:42] Dia ainda aberto após venda | data=2026-04-07
[2026-04-07 09:54:27] Dia ainda aberto após venda | data=2026-04-07
[2026-04-07 09:55:22] Dia ainda aberto após venda | data=2026-04-07
[2026-04-07 10:15:54] Dia ainda aberto após venda | data=2026-04-07
[2026-04-07 10:22:23] Dia ainda aberto após venda | data=2026-04-07
[2026-04-07 10:22:42] Dia ainda aberto após venda | data=2026-04-07
[2026-04-07 10:23:29] Dia ainda aberto após venda | data=2026-04-07
[2026-04-07 10:28:14] Dia ainda aberto após venda | data=2026-04-07
[2026-04-07 10:28:35] Dia ainda aberto após venda | data=2026-04-07
[2026-04-07 10:34:11] Dia ainda aberto após venda | data=2026-04-07
[2026-04-07 10:34:33] Dia ainda aberto após venda | data=2026-04-07
[2026-04-07 10:46:20] Iniciando gerarRelatorioDia | data=2026-04-07
[2026-04-07 10:46:20] UPSERT tb_relatorios executado | data=2026-04-07
[2026-04-07 10:46:20] OK gerarRelatorioDia | data=2026-04-07 | coluna=data | total_encontrado=1
[2026-04-07 10:46:20] Iniciando gerarRelatorioDia | data=2026-04-07
[2026-04-07 10:46:20] UPSERT tb_relatorios executado | data=2026-04-07
[2026-04-07 10:46:20] OK gerarRelatorioDia | data=2026-04-07 | coluna=data | total_encontrado=1
[2026-04-07 10:46:28] Iniciando gerarRelatorioDia | data=2026-04-07
[2026-04-07 10:46:28] UPSERT tb_relatorios executado | data=2026-04-07
[2026-04-07 10:46:28] OK gerarRelatorioDia | data=2026-04-07 | coluna=data | total_encontrado=1
