2026-02-05 21:23:17|
2026-02-05 21:23:17|DEBUG: passou no lock, vai executar
2026-02-05 21:23:17|
2026-02-05 21:23:17|Backup OK: prato_cheio_2026-02-05.sql
2026-02-05 21:23:17|
2026-02-05 21:23:19|Upload realizado com sucesso
2026-02-06 18:35:40|DEBUG: backupAutomatico() foi chamado
2026-02-06 18:35:40|DEBUG: passou no lock, vai executar
2026-02-06 18:35:40|DEBUG: antes do createBackup()
2026-02-06 18:35:41|Backup OK: prato_cheio_2026-02-06.sql
2026-02-06 18:35:41|DEBUG: antes do send()
2026-02-06 18:35:44|Upload realizado com sucesso
2026-02-13 14:59:40|DEBUG: backupAutomatico() foi chamado
2026-02-13 14:59:40|DEBUG: passou no lock, vai executar
2026-02-13 14:59:41|DEBUG: antes do createBackup()
2026-02-13 14:59:41|Backup OK: prato_cheio_2026-02-13.sql
2026-02-13 14:59:41|DEBUG: antes do send()
2026-02-13 14:59:45|Upload realizado com sucesso
2026-02-13 14:59:45|DEBUG: backupAutomatico() foi chamado
2026-02-13 14:59:45|
2026-02-19 02:54:04|DEBUG: backupAutomatico() foi chamado
2026-02-19 02:54:04|DEBUG: passou no lock, vai executar
2026-02-19 02:54:04|DEBUG: antes do createBackup()
2026-02-19 02:54:05|Backup OK: prato_cheio_2026-02-19.sql
2026-02-19 02:54:05|DEBUG: antes do send()
2026-02-19 02:54:07|Upload realizado com sucesso
2026-02-19 02:54:08|DEBUG: backupAutomatico() foi chamado
2026-02-19 02:54:08|
2026-02-19 02:59:10|DEBUG: backupAutomatico() foi chamado
2026-02-19 02:59:10|DEBUG: passou no lock, vai executar
2026-02-19 02:59:10|DEBUG: antes do createBackup()
2026-02-19 02:59:10|Backup OK: prato_cheio_2026-02-19.sql
2026-02-19 02:59:10|DEBUG: antes do send()
2026-02-19 02:59:10|Upload realizado com sucesso
2026-02-25 18:37:33|DEBUG: backupAutomatico() foi chamado
2026-02-25 18:37:33|DEBUG: passou no lock, vai executar
2026-02-25 18:37:33|DEBUG: antes do createBackup()
2026-02-25 18:37:33|Backup OK: prato_cheio_2026-02-25.sql
2026-02-25 18:37:33|DEBUG: antes do send()
2026-02-25 18:37:37|Upload realizado com sucesso
2026-02-25 20:19:12|DEBUG: backupAutomatico() foi chamado
2026-02-25 20:19:12|DEBUG: passou no lock, vai executar
2026-02-25 20:19:12|DEBUG: antes do createBackup()
2026-02-25 20:19:12|Backup OK: prato_cheio_2026-02-25.sql
2026-02-25 20:19:12|DEBUG: antes do send()
2026-02-25 20:19:12|Upload realizado com sucesso
2026-02-26 20:55:40|DEBUG: backupAutomatico() foi chamado
2026-02-26 20:55:40|DEBUG: passou no lock, vai executar
2026-02-26 20:55:40|DEBUG: antes do createBackup()
2026-02-26 20:55:40|Backup OK: prato_cheio_2026-02-26.sql
2026-02-26 20:55:40|DEBUG: antes do send()
2026-02-26 20:55:44|Upload realizado com sucesso
2026-02-27 17:50:01|DEBUG: backupAutomatico() foi chamado
2026-02-27 17:50:01|DEBUG: passou no lock, vai executar
2026-02-27 17:50:01|DEBUG: antes do createBackup()
2026-02-27 17:50:01|Backup OK: prato_cheio_2026-02-27.sql
2026-02-27 17:50:01|DEBUG: antes do send()
2026-02-27 17:50:04|Upload realizado com sucesso
2026-02-27 17:50:05|DEBUG: backupAutomatico() foi chamado
2026-02-27 17:50:05|
2026-02-27 18:03:14|DEBUG: backupAutomatico() foi chamado
2026-02-27 18:03:14|DEBUG: passou no lock, vai executar
2026-02-27 18:03:14|DEBUG: antes do createBackup()
2026-02-27 18:03:14|Backup OK: prato_cheio_2026-02-27.sql
2026-02-27 18:03:14|DEBUG: antes do send()
2026-02-27 18:03:14|Upload realizado com sucesso
2026-02-28 00:04:09|DEBUG: backupAutomatico() foi chamado
2026-02-28 00:04:09|DEBUG: passou no lock, vai executar
2026-02-28 00:04:09|DEBUG: antes do createBackup()
2026-02-28 00:04:10|Backup OK: prato_cheio_2026-02-28.sql
2026-02-28 00:04:10|DEBUG: antes do send()
2026-02-28 00:04:12|Upload realizado com sucesso
2026-03-01 01:15:41|DEBUG: backupAutomatico() foi chamado
2026-03-01 01:15:41|DEBUG: passou no lock, vai executar
2026-03-01 01:15:42|DEBUG: antes do createBackup()
2026-03-01 01:15:42|Backup OK: prato_cheio_2026-03-01.sql
2026-03-01 01:15:42|DEBUG: antes do send()
2026-03-01 01:15:45|Upload realizado com sucesso
2026-03-01 02:15:20|DEBUG: backupAutomatico() foi chamado
2026-03-01 02:15:20|DEBUG: passou no lock, vai executar
2026-03-01 02:15:20|DEBUG: antes do createBackup()
2026-03-01 02:15:20|Backup OK: prato_cheio_2026-03-01.sql
2026-03-01 02:15:20|DEBUG: antes do send()
2026-03-01 02:15:20|Upload realizado com sucesso
2026-03-01 23:31:32|DEBUG: backupAutomatico() foi chamado
2026-03-01 23:31:32|DEBUG: passou no lock, vai executar
2026-03-01 23:31:33|DEBUG: antes do createBackup()
2026-03-01 23:31:33|Backup OK: prato_cheio_2026-03-01.sql
2026-03-01 23:31:33|DEBUG: antes do send()
2026-03-01 23:31:33|Upload realizado com sucesso
2026-03-02 20:14:02|DEBUG: backupAutomatico() foi chamado
2026-03-02 20:14:02|DEBUG: passou no lock, vai executar
2026-03-02 20:14:02|DEBUG: antes do createBackup()
2026-03-02 20:14:03|Backup OK: prato_cheio_2026-03-02.sql
2026-03-02 20:14:03|DEBUG: antes do send()
2026-03-02 20:14:05|Upload realizado com sucesso
2026-03-03 20:42:07|DEBUG: backupAutomatico() foi chamado
2026-03-03 20:42:07|DEBUG: passou no lock, vai executar
2026-03-03 20:42:07|DEBUG: antes do createBackup()
2026-03-03 20:42:08|Backup OK: prato_cheio_2026-03-03.sql
2026-03-03 20:42:08|DEBUG: antes do send()
2026-03-03 20:42:23|Erro: Erro cURL (28): Failed to connect to ms-tecnologia.app.br port 443 after 15026 ms: Timeout was reached
2026-03-03 20:42:23|DEBUG: backupAutomatico() foi chamado
2026-03-03 20:42:23|DEBUG: passou no lock, vai executar
2026-03-03 20:42:23|DEBUG: antes do createBackup()
2026-03-03 20:42:23|Backup OK: prato_cheio_2026-03-03.sql
2026-03-03 20:42:23|DEBUG: antes do send()
2026-03-03 20:42:23|Erro: Erro cURL (6): Could not resolve host: ms-tecnologia.app.br
2026-03-04 19:01:42|DEBUG: backupAutomatico() foi chamado
2026-03-04 19:01:42|DEBUG: passou no lock, vai executar
2026-03-04 19:01:42|DEBUG: antes do createBackup()
2026-03-04 19:01:43|Backup OK: prato_cheio_2026-03-04.sql
2026-03-04 19:01:43|DEBUG: antes do send()
2026-03-04 19:02:23|Erro: Erro cURL (55): Recv failure: Connection was reset
2026-03-04 19:02:23|DEBUG: backupAutomatico() foi chamado
2026-03-04 19:02:23|DEBUG: passou no lock, vai executar
2026-03-04 19:02:23|DEBUG: antes do createBackup()
2026-03-04 19:02:23|Backup OK: prato_cheio_2026-03-04.sql
2026-03-04 19:02:23|DEBUG: antes do send()
2026-03-04 19:02:48|Erro: Erro cURL (56): Recv failure: Connection was reset
2026-03-04 19:02:48|DEBUG: backupAutomatico() foi chamado
2026-03-04 19:02:48|DEBUG: passou no lock, vai executar
2026-03-04 19:02:48|DEBUG: antes do createBackup()
2026-03-04 19:02:48|Backup OK: prato_cheio_2026-03-04.sql
2026-03-04 19:02:48|DEBUG: antes do send()
2026-03-04 19:02:48|Erro: Erro cURL (6): Could not resolve host: ms-tecnologia.app.br
2026-03-04 19:02:49|DEBUG: backupAutomatico() foi chamado
2026-03-04 19:02:49|
2026-03-04 19:03:08|DEBUG: backupAutomatico() foi chamado
2026-03-04 19:03:08|DEBUG: passou no lock, vai executar
2026-03-04 19:03:08|DEBUG: antes do createBackup()
2026-03-04 19:03:08|Backup OK: prato_cheio_2026-03-04.sql
2026-03-04 19:03:08|DEBUG: antes do send()
2026-03-04 19:03:08|Erro: Erro cURL (6): Could not resolve host: ms-tecnologia.app.br
2026-03-04 19:08:02|DEBUG: backupAutomatico() foi chamado
2026-03-04 19:08:02|DEBUG: passou no lock, vai executar
2026-03-04 19:08:02|DEBUG: antes do createBackup()
2026-03-04 19:08:02|Backup OK: prato_cheio_2026-03-04.sql
2026-03-04 19:08:02|DEBUG: antes do send()
2026-03-04 19:08:17|Erro: Erro cURL (28): SSL connection timeout
2026-03-04 19:08:18|DEBUG: backupAutomatico() foi chamado
2026-03-04 19:08:18|DEBUG: passou no lock, vai executar
2026-03-04 19:08:18|DEBUG: antes do createBackup()
2026-03-04 19:08:18|Backup OK: prato_cheio_2026-03-04.sql
2026-03-04 19:08:18|DEBUG: antes do send()
2026-03-04 19:08:48|Erro: Erro cURL (56): Recv failure: Connection was reset
2026-03-04 19:08:48|DEBUG: backupAutomatico() foi chamado
2026-03-04 19:08:48|DEBUG: passou no lock, vai executar
2026-03-04 19:08:48|DEBUG: antes do createBackup()
2026-03-04 19:08:48|Backup OK: prato_cheio_2026-03-04.sql
2026-03-04 19:08:48|DEBUG: antes do send()
2026-03-04 19:08:48|Erro: Erro cURL (6): Could not resolve host: ms-tecnologia.app.br
2026-03-04 19:08:49|DEBUG: backupAutomatico() foi chamado
2026-03-04 19:08:49|
2026-03-04 19:08:49|DEBUG: backupAutomatico() foi chamado
2026-03-04 19:08:49|
2026-03-04 19:08:50|DEBUG: backupAutomatico() foi chamado
2026-03-04 19:08:50|
2026-03-04 19:08:50|DEBUG: backupAutomatico() foi chamado
2026-03-04 19:08:50|
2026-03-05 19:46:32|DEBUG: backupAutomatico() foi chamado
2026-03-05 19:46:32|DEBUG: passou no lock, vai executar
2026-03-05 19:46:32|DEBUG: antes do createBackup()
2026-03-05 19:46:33|Backup OK: prato_cheio_2026-03-05.sql
2026-03-05 19:46:33|DEBUG: antes do send()
2026-03-05 19:46:36|Erro: Upload falhou. HTTP=500. Resposta='FALHA_UPLOAD'
