[2026-03-30 13:12:37] SUCESSO upload PDF: relatorio_fechamento_2026-03-30_13-12-35.pdf | URL: https://ms-tecnologia.app.br/prato/relatorios/relatorio_fechamento_2026-03-30_13-12-35.pdf
[2026-03-30 13:30:16] ERRO upload PDF: relatorio_fechamento_2026-03-30_13-30-16.pdf | Erro FTP (6): Could not resolve host: ms-tecnologia.app.br
[2026-03-30 13:30:40] SUCESSO upload PDF: relatorio_fechamento_2026-03-30_13-30-39.pdf | URL: https://ms-tecnologia.app.br/prato/relatorios/relatorio_fechamento_2026-03-30_13-30-39.pdf
[2026-03-30 14:37:16] SUCESSO upload PDF: relatorio_fechamento_2026-03-20_14-37-14.pdf | URL: https://ms-tecnologia.app.br/prato/relatorios/relatorio_fechamento_2026-03-20_14-37-14.pdf
[2026-03-30 14:39:18] SUCESSO upload PDF: relatorio_fechamento_2026-03-20_14-39-17.pdf | URL: https://ms-tecnologia.app.br/prato/relatorios/relatorio_fechamento_2026-03-20_14-39-17.pdf
[2026-03-31 01:50:02] SUCESSO upload PDF: relatorio_fechamento_2026-03-31_01-49-59.pdf | URL: https://ms-tecnologia.app.br/prato/relatorios/relatorio_fechamento_2026-03-31_01-49-59.pdf
[2026-03-31 01:51:54] SUCESSO upload PDF: relatorio_fechamento_2026-03-31_01-51-52.pdf | URL: https://ms-tecnologia.app.br/prato/relatorios/relatorio_fechamento_2026-03-31_01-51-52.pdf
[2026-03-31 17:46:56] SUCESSO upload PDF: relatorio_fechamento_2026-03-31_17-46-54.pdf | URL: https://ms-tecnologia.app.br/prato/relatorios/relatorio_fechamento_2026-03-31_17-46-54.pdf
[2026-03-31 18:00:56] SUCESSO upload PDF: relatorio_fechamento_2026-03-31_18-00-54.pdf | URL: https://ms-tecnologia.app.br/prato/relatorios/relatorio_fechamento_2026-03-31_18-00-54.pdf
[2026-03-31 18:01:49] SUCESSO upload PDF: relatorio_fechamento_2026-03-31_18-01-47.pdf | URL: https://ms-tecnologia.app.br/prato/relatorios/relatorio_fechamento_2026-03-31_18-01-47.pdf
[2026-03-31 18:02:38] SUCESSO upload PDF: relatorio_fechamento_2026-03-31_18-02-36.pdf | URL: https://ms-tecnologia.app.br/prato/relatorios/relatorio_fechamento_2026-03-31_18-02-36.pdf
[2026-03-31 18:02:43] SUCESSO upload PDF: relatorio_fechamento_2026-03-31_18-02-42.pdf | URL: https://ms-tecnologia.app.br/prato/relatorios/relatorio_fechamento_2026-03-31_18-02-42.pdf
[2026-03-31 18:02:51] SUCESSO upload PDF: relatorio_fechamento_2026-03-31_18-02-48.pdf | URL: https://ms-tecnologia.app.br/prato/relatorios/relatorio_fechamento_2026-03-31_18-02-48.pdf
[2026-03-31 18:02:58] SUCESSO upload PDF: relatorio_fechamento_2026-03-31_18-02-56.pdf | URL: https://ms-tecnologia.app.br/prato/relatorios/relatorio_fechamento_2026-03-31_18-02-56.pdf
[2026-03-31 18:08:23] SUCESSO upload PDF: relatorio_fechamento_2026-03-31_18-08-21.pdf | URL: https://ms-tecnologia.app.br/prato/relatorios/relatorio_fechamento_2026-03-31_18-08-21.pdf
[2026-03-31 18:38:50] ERRO upload PDF: relatorio_fechamento_2026-03-31_18-38-30.pdf | Erro FTP (56): Recv failure: Connection was reset
[2026-03-31 18:39:06] SUCESSO upload PDF: relatorio_fechamento_2026-03-31_18-39-04.pdf | URL: https://ms-tecnologia.app.br/prato/relatorios/relatorio_fechamento_2026-03-31_18-39-04.pdf
[2026-03-31 19:11:15] SUCESSO upload PDF: relatorio_fechamento_2026-03-31_19-11-13.pdf | URL: https://ms-tecnologia.app.br/prato/relatorios/relatorio_fechamento_2026-03-31_19-11-13.pdf
[2026-03-31 19:12:10] SUCESSO upload PDF: relatorio_fechamento_2026-03-31_19-12-08.pdf | URL: https://ms-tecnologia.app.br/prato/relatorios/relatorio_fechamento_2026-03-31_19-12-08.pdf
[2026-03-31 19:52:31] SUCESSO upload PDF: relatorio_fechamento_2026-03-31_19-52-30.pdf | URL: https://ms-tecnologia.app.br/prato/relatorios/relatorio_fechamento_2026-03-31_19-52-30.pdf
[2026-03-31 19:53:40] SUCESSO upload PDF: relatorio_fechamento_2026-03-31_19-53-39.pdf | URL: https://ms-tecnologia.app.br/prato/relatorios/relatorio_fechamento_2026-03-31_19-53-39.pdf
[2026-03-31 21:04:21] SUCESSO upload PDF: relatorio_fechamento_2026-03-31_21-04-19.pdf | URL: https://ms-tecnologia.app.br/prato/relatorios/relatorio_fechamento_2026-03-31_21-04-19.pdf
[2026-04-01 00:32:08] SUCESSO upload PDF: relatorio_fechamento_2026-03-31_00-32-05.pdf | URL: https://ms-tecnologia.app.br/prato/relatorios/relatorio_fechamento_2026-03-31_00-32-05.pdf
[2026-04-01 00:35:21] SUCESSO upload PDF: nomeBanco_2026-03-31_00-35-20.pdf | URL: https://ms-tecnologia.app.br/prato/relatorios/nomeBanco_2026-03-31_00-35-20.pdf
[2026-04-01 09:47:36] SUCESSO upload PDF: relatorio_fechamento_2026-04-01_09-47-35.pdf | URL: https://ms-tecnologia.app.br/prato/relatorios/relatorio_fechamento_2026-04-01_09-47-35.pdf
[2026-04-01 10:33:43] SUCESSO upload PDF: relatorio_fechamento_2026-04-01_10-33-40.pdf | URL: https://ms-tecnologia.app.br/prato/relatorios/relatorio_fechamento_2026-04-01_10-33-40.pdf
[2026-04-01 13:47:38] SUCESSO upload PDF: relatorio_fechamento_2026-04-01_13-47-36.pdf | URL: https://ms-tecnologia.app.br/prato/relatorios/relatorio_fechamento_2026-04-01_13-47-36.pdf
[2026-04-01 13:49:43] SUCESSO upload PDF: relatorio_fechamento_2026-04-01_13-49-41.pdf | URL: https://ms-tecnologia.app.br/prato/relatorios/relatorio_fechamento_2026-04-01_13-49-41.pdf
[2026-04-04 14:00:14] SUCESSO upload PDF: relatorio_fechamento_2026-04-04_14-00-12.pdf | URL: https://ms-tecnologia.app.br/prato/relatorios/relatorio_fechamento_2026-04-04_14-00-12.pdf
[2026-04-04 14:13:31] SUCESSO upload PDF: relatorio_fechamento_2026-04-04_14-13-29.pdf | URL: https://ms-tecnologia.app.br/prato/relatorios/relatorio_fechamento_2026-04-04_14-13-29.pdf
[2026-04-04 14:28:58] SUCESSO upload PDF: relatorio_fechamento_2026-04-04_14-28-56.pdf | URL: https://ms-tecnologia.app.br/prato/relatorios/relatorio_fechamento_2026-04-04_14-28-56.pdf
[2026-04-04 15:52:32] SUCESSO upload PDF: relatorio_fechamento_2026-04-04_15-52-30.pdf | URL: https://ms-tecnologia.app.br/prato/relatorios/relatorio_fechamento_2026-04-04_15-52-30.pdf
[2026-04-04 16:11:23] SUCESSO upload PDF: relatorio_fechamento_2026-04-04_16-11-22.pdf | URL: https://ms-tecnologia.app.br/prato/relatorios/relatorio_fechamento_2026-04-04_16-11-22.pdf
[2026-04-04 17:22:16] SUCESSO upload PDF: relatorio_fechamento_2026-04-04_17-22-14.pdf | URL: https://ms-tecnologia.app.br/prato/relatorios/relatorio_fechamento_2026-04-04_17-22-14.pdf
[2026-04-04 17:25:57] SUCESSO upload PDF: relatorio_fechamento_2026-04-04_17-25-56.pdf | URL: https://ms-tecnologia.app.br/prato/relatorios/relatorio_fechamento_2026-04-04_17-25-56.pdf
[2026-04-06 10:58:14] ERRO ao salvar histórico no banco remoto: SQLSTATE[HY000] [1045] Access denied for user 'mat06153_mat06153'@'localhost' (using password: YES)
[2026-04-06 10:58:14] SUCESSO upload PDF: relatorio_fechamento_2026-04-04_10-58-12.pdf | URL: https://ms-tecnologia.app.br/prato/relatorios/relatorio_fechamento_2026-04-04_10-58-12.pdf
[2026-04-06 16:44:58] ERRO ao salvar histórico no banco remoto: SQLSTATE[HY000] [1045] Access denied for user 'mat06153_mat06153'@'localhost' (using password: YES)
[2026-04-06 16:44:58] SUCESSO upload PDF: relatorio_fechamento_2026-04-04_16-44-54.pdf | URL: https://ms-tecnologia.app.br/prato/relatorios/relatorio_fechamento_2026-04-04_16-44-54.pdf
[2026-04-07 14:39:37] ERRO ao salvar histórico no banco remoto: SQLSTATE[HY000] [1045] Access denied for user 'mat06153_mat06153'@'localhost' (using password: YES)
[2026-04-07 14:39:37] Falha ao garantir histórico no banco remoto: SQLSTATE[HY000] [1045] Access denied for user 'mat06153_mat06153'@'localhost' (using password: YES)
[2026-04-07 14:39:37] SUCESSO upload PDF: relatorio_fechamento_2026-04-07_14-39-34.pdf | URL: https://ms-tecnologia.app.br/prato/relatorios/relatorio_fechamento_2026-04-07_14-39-34.pdf
[2026-04-07 14:51:09] SUCESSO upload PDF: relatorio_fechamento_2026-04-07_14-51-05.pdf | URL: https://ms-tecnologia.app.br/prato/relatorios/relatorio_fechamento_2026-04-07_14-51-05.pdf
[2026-04-07 14:53:45] SUCESSO upload PDF: relatorio_fechamento_2026-04-07_14-53-42.pdf | URL: https://ms-tecnologia.app.br/prato/relatorios/relatorio_fechamento_2026-04-07_14-53-42.pdf
